SF:lib/src/alert_style_widget.dart
DA:36,0
DA:41,0
DA:43,0
DA:45,0
DA:46,0
DA:54,0
DA:55,0
DA:58,0
DA:59,0
DA:60,0
DA:64,0
DA:65,0
DA:66,0
DA:70,0
DA:71,0
DA:73,0
DA:74,0
DA:75,0
DA:80,0
DA:81,0
DA:82,0
DA:86,0
DA:87,0
DA:94,0
LF:24
LH:0
end_of_record
SF:lib/src/appcast.dart
DA:26,1
DA:29,2
DA:41,1
DA:42,1
DA:47,3
DA:48,2
DA:50,3
DA:51,2
DA:60,1
DA:63,4
DA:65,1
DA:68,2
DA:69,1
DA:73,1
DA:74,2
DA:75,1
DA:78,1
DA:79,1
DA:81,1
DA:87,1
DA:90,1
DA:92,1
DA:95,3
DA:104,1
DA:109,3
DA:110,1
DA:111,2
DA:112,1
DA:113,1
DA:114,1
DA:115,1
DA:116,1
DA:117,3
DA:118,3
DA:120,1
DA:121,3
DA:123,1
DA:124,3
DA:126,1
DA:129,1
DA:130,1
DA:131,1
DA:132,1
DA:133,1
DA:134,1
DA:135,1
DA:136,0
DA:137,1
DA:138,3
DA:139,1
DA:140,2
DA:141,1
DA:144,1
DA:145,1
DA:157,1
DA:161,1
DA:173,1
DA:176,1
DA:178,1
DA:181,1
DA:184,1
DA:185,1
DA:186,1
DA:187,0
DA:188,0
DA:189,1
DA:190,0
DA:191,0
DA:192,1
DA:193,0
DA:198,1
DA:200,1
DA:222,1
DA:240,2
DA:242,2
DA:244,1
DA:246,3
DA:247,2
DA:249,2
DA:250,1
DA:251,3
DA:254,1
DA:257,1
DA:259,2
DA:262,1
DA:263,2
DA:264,1
DA:268,1
DA:269,2
DA:270,1
LF:90
LH:84
end_of_record
SF:lib/src/upgrade_io.dart
DA:10,0
DA:12,0
DA:19,0
DA:21,0
DA:28,2
DA:30,2
DA:37,1
DA:39,1
DA:46,2
DA:48,2
DA:55,1
DA:57,1
DA:64,1
DA:66,1
DA:73,2
DA:82,1
DA:84,1
LF:17
LH:13
end_of_record
SF:lib/src/itunes_search_api.dart
DA:30,1
DA:32,1
DA:36,1
DA:38,1
DA:39,0
DA:43,4
DA:44,1
DA:45,0
DA:48,2
DA:51,0
DA:60,1
DA:62,1
DA:67,1
DA:68,4
DA:70,2
DA:78,1
DA:80,1
DA:84,1
DA:85,2
DA:93,1
DA:95,1
DA:99,3
DA:104,1
DA:106,1
DA:110,1
DA:111,4
DA:113,5
DA:115,1
DA:117,2
DA:120,1
DA:121,1
DA:122,1
DA:123,1
DA:124,1
DA:125,1
DA:126,1
DA:127,0
DA:128,0
DA:140,1
DA:143,3
DA:145,0
DA:151,1
DA:154,3
DA:156,0
DA:162,1
DA:165,3
DA:167,2
DA:175,1
DA:178,1
DA:181,1
DA:182,1
DA:183,1
DA:185,1
DA:187,0
DA:188,0
DA:194,1
DA:197,3
DA:199,0
DA:205,0
DA:208,0
DA:210,0
DA:216,1
DA:219,3
DA:221,0
LF:64
LH:50
end_of_record
SF:lib/src/play_store_search_api.dart
DA:22,1
DA:23,1
DA:27,1
DA:29,4
DA:31,2
DA:32,2
DA:40,2
DA:45,1
DA:46,3
DA:47,1
DA:52,1
DA:53,1
DA:54,1
DA:62,3
DA:65,1
DA:67,1
DA:68,1
DA:70,1
DA:71,1
DA:72,1
DA:75,2
DA:83,1
DA:86,1
DA:89,1
DA:90,1
DA:91,1
DA:93,1
DA:95,0
DA:96,0
DA:103,1
DA:105,1
DA:106,1
DA:107,4
DA:108,2
DA:113,1
DA:114,1
DA:115,2
DA:118,2
DA:120,4
DA:122,1
DA:125,0
DA:132,2
DA:138,1
DA:141,1
DA:142,1
DA:143,4
DA:145,2
DA:147,2
DA:149,1
DA:150,1
DA:152,1
DA:159,1
DA:167,1
DA:169,1
DA:171,1
DA:173,1
DA:175,1
DA:177,0
DA:178,0
DA:180,0
DA:181,0
DA:183,0
DA:186,0
DA:187,0
DA:188,0
DA:190,0
DA:191,0
DA:193,0
DA:194,0
DA:195,0
DA:199,0
DA:201,2
LF:72
LH:55
end_of_record
SF:lib/src/upgrade_alert.dart
DA:14,0
DA:15,0
DA:18,0
DA:20,0
DA:21,0
DA:24,0
DA:25,0
DA:26,0
DA:27,0
DA:28,0
DA:29,0
DA:30,0
DA:32,0
LF:13
LH:0
end_of_record
SF:lib/src/upgrade_base.dart
DA:12,0
DA:14,0
DA:15,0
DA:18,0
DA:19,0
DA:23,0
DA:25,0
DA:26,0
DA:28,0
DA:29,0
LF:10
LH:0
end_of_record
SF:lib/src/upgrade_card.dart
DA:17,0
DA:19,0
DA:22,0
DA:24,0
DA:25,0
DA:28,0
DA:29,0
DA:30,0
DA:31,0
DA:32,0
DA:33,0
DA:34,0
DA:35,0
DA:36,0
DA:37,0
DA:39,0
DA:40,0
DA:41,0
DA:42,0
DA:43,0
DA:44,0
DA:45,0
DA:47,0
DA:52,0
DA:54,0
DA:57,0
DA:58,0
DA:59,0
DA:60,0
DA:61,0
DA:65,0
DA:74,0
DA:76,0
DA:77,0
DA:78,0
DA:79,0
DA:83,0
DA:84,0
DA:85,0
DA:87,0
DA:88,0
DA:90,0
DA:93,0
DA:94,0
DA:95,0
DA:96,0
DA:99,0
DA:101,0
DA:103,0
DA:104,0
DA:106,0
DA:107,0
DA:108,0
DA:111,0
DA:113,0
DA:115,0
DA:116,0
DA:118,0
DA:119,0
DA:122,0
DA:124,0
DA:126,0
DA:127,0
DA:131,0
DA:132,0
LF:65
LH:0
end_of_record
SF:lib/src/upgrade_messages.dart
DA:11,1
DA:14,6
DA:56,1
DA:57,1
DA:58,2
DA:62,1
DA:64,1
DA:65,1
DA:66,1
DA:67,1
DA:68,1
DA:69,1
DA:70,1
DA:71,1
DA:72,1
DA:73,1
DA:74,1
DA:75,1
DA:76,1
DA:77,1
DA:85,1
DA:88,1
DA:91,4
DA:93,2
DA:95,1
DA:109,1
DA:111,1
DA:112,1
DA:116,1
DA:120,1
DA:124,1
DA:128,1
DA:132,1
DA:136,1
DA:140,1
DA:144,1
DA:148,1
DA:152,1
DA:156,1
DA:160,1
DA:164,1
DA:168,1
DA:172,1
DA:176,1
DA:180,1
DA:184,1
DA:188,1
DA:192,1
DA:196,1
DA:200,1
DA:204,1
DA:208,1
DA:212,1
DA:216,1
DA:220,1
DA:236,1
DA:238,1
DA:239,1
DA:242,1
DA:245,1
DA:248,1
DA:251,1
DA:254,1
DA:257,1
DA:260,1
DA:263,1
DA:266,1
DA:269,1
DA:272,1
DA:275,1
DA:278,1
DA:281,1
DA:284,1
DA:287,1
DA:290,1
DA:293,1
DA:296,1
DA:299,1
DA:302,1
DA:305,1
DA:308,1
DA:311,1
DA:314,1
DA:317,1
DA:320,1
DA:334,1
DA:336,1
DA:337,1
DA:340,1
DA:343,1
DA:346,1
DA:349,1
DA:352,1
DA:355,1
DA:358,1
DA:361,1
DA:364,1
DA:367,1
DA:370,1
DA:373,1
DA:376,1
DA:379,1
DA:382,1
DA:385,1
DA:388,1
DA:391,1
DA:394,1
DA:397,1
DA:400,1
DA:403,1
DA:406,1
DA:409,1
DA:412,1
DA:415,1
DA:418,1
DA:432,1
DA:434,1
DA:435,1
DA:438,1
DA:441,1
DA:444,1
DA:447,1
DA:450,1
DA:453,1
DA:456,1
DA:459,1
DA:462,1
DA:465,1
DA:468,1
DA:471,1
DA:474,1
DA:477,1
DA:480,1
DA:483,1
DA:486,1
DA:489,1
DA:492,1
DA:495,1
DA:498,1
DA:501,1
DA:504,1
DA:507,1
DA:510,1
DA:513,1
DA:516,1
DA:530,1
DA:532,1
DA:533,1
DA:536,1
DA:539,1
DA:542,1
DA:545,1
DA:548,1
DA:551,1
DA:554,1
DA:557,1
DA:560,1
DA:563,1
DA:566,1
DA:569,1
DA:572,1
DA:575,1
DA:578,1
DA:581,1
DA:584,1
DA:587,1
DA:590,1
DA:593,1
DA:596,1
DA:599,1
DA:602,1
DA:605,1
DA:608,1
DA:611,1
DA:614,1
DA:628,1
DA:630,1
DA:631,1
DA:672,1
DA:674,1
DA:675,1
DA:678,1
DA:681,1
DA:684,1
DA:687,1
DA:690,1
DA:693,1
DA:696,1
DA:699,1
DA:702,1
DA:705,1
DA:708,1
DA:711,1
DA:714,1
DA:717,1
DA:720,1
DA:723,1
DA:726,1
DA:729,1
DA:732,1
DA:735,1
DA:738,1
DA:741,1
DA:744,1
DA:747,1
DA:750,1
DA:753,1
DA:756,1
LF:208
LH:208
end_of_record
SF:lib/src/upgrader.dart
DA:37,6
DA:46,0
DA:53,0
DA:151,0
DA:173,0
DA:174,0
DA:175,0
DA:176,0
DA:180,0
DA:182,0
DA:183,0
DA:184,0
DA:187,0
DA:188,0
DA:191,0
DA:192,0
DA:195,0
DA:196,0
DA:200,0
DA:202,0
DA:203,0
DA:204,0
DA:205,0
DA:208,0
DA:210,0
DA:211,0
DA:212,0
DA:213,0
DA:214,0
DA:215,0
DA:216,0
DA:217,0
DA:218,0
DA:219,0
DA:220,0
DA:221,0
DA:222,0
DA:225,0
DA:226,0
DA:227,0
DA:228,0
DA:229,0
DA:230,0
DA:231,0
DA:235,0
DA:237,0
DA:242,0
DA:244,0
DA:245,0
DA:246,0
DA:249,0
DA:250,0
DA:251,0
DA:252,0
DA:253,0
DA:255,0
DA:257,0
DA:258,0
DA:259,0
DA:260,0
DA:261,0
DA:263,0
DA:264,0
DA:265,0
DA:266,0
DA:268,0
DA:271,0
DA:276,0
DA:277,0
DA:278,0
DA:283,0
DA:284,0
DA:285,0
DA:286,0
DA:287,0
DA:288,0
DA:289,0
DA:292,0
DA:293,0
DA:294,0
DA:295,0
DA:297,0
DA:298,0
DA:308,0
DA:309,0
DA:310,0
DA:311,0
DA:312,0
DA:314,0
DA:315,0
DA:316,0
DA:317,0
DA:319,0
DA:320,0
DA:327,0
DA:328,0
DA:329,0
DA:330,0
DA:338,0
DA:339,0
DA:344,0
DA:345,0
DA:346,0
DA:351,0
DA:352,0
DA:353,0
DA:356,0
DA:358,0
DA:360,0
DA:362,0
DA:364,0
DA:365,0
DA:366,0
DA:367,0
DA:368,0
DA:369,0
DA:370,0
DA:375,0
DA:376,0
DA:377,0
DA:378,0
DA:379,0
DA:380,0
DA:383,0
DA:384,0
DA:385,0
DA:387,0
DA:388,0
DA:389,0
DA:390,0
DA:396,0
DA:397,0
DA:400,0
DA:401,0
DA:403,0
DA:404,0
DA:405,0
DA:406,0
DA:407,0
DA:413,0
DA:414,0
DA:417,0
DA:419,0
DA:423,0
DA:426,0
DA:427,0
DA:431,0
DA:432,0
DA:434,0
DA:435,0
DA:436,0
DA:443,0
DA:445,0
DA:447,0
DA:448,0
DA:449,0
DA:451,0
DA:457,0
DA:458,0
DA:462,0
DA:463,0
DA:464,0
DA:465,0
DA:470,0
DA:472,0
DA:473,0
DA:474,0
DA:479,0
DA:480,0
DA:481,0
DA:482,0
DA:483,0
DA:485,0
DA:486,0
DA:487,0
DA:492,0
DA:493,0
DA:494,0
DA:496,0
DA:497,0
DA:499,0
DA:500,0
DA:502,0
DA:505,0
DA:506,0
DA:512,0
DA:515,0
DA:518,0
DA:520,0
DA:522,0
DA:526,0
DA:532,0
DA:533,0
DA:534,0
DA:535,0
DA:539,0
DA:541,0
DA:544,0
DA:545,0
DA:546,0
DA:547,0
DA:548,0
DA:549,0
DA:558,0
DA:559,0
DA:560,0
DA:562,0
DA:563,0
DA:564,0
DA:565,0
DA:573,0
DA:577,0
DA:579,0
DA:582,0
DA:583,0
DA:585,0
DA:593,0
DA:594,0
DA:595,0
DA:596,0
DA:599,0
DA:600,0
DA:601,0
DA:603,0
DA:604,0
DA:607,0
DA:608,0
DA:609,0
DA:610,0
DA:611,0
DA:612,0
DA:613,0
DA:614,0
DA:615,0
DA:616,0
DA:617,0
DA:618,0
DA:623,0
DA:627,0
DA:629,0
DA:630,0
DA:631,0
DA:633,0
DA:641,0
DA:642,0
DA:643,0
DA:646,0
DA:647,0
DA:648,0
DA:650,0
DA:651,0
DA:654,0
DA:655,0
DA:656,0
DA:657,0
DA:658,0
DA:659,0
DA:660,0
DA:661,0
DA:662,0
DA:663,0
DA:665,0
DA:666,0
DA:671,0
DA:672,0
DA:673,0
DA:678,0
DA:679,0
DA:683,0
DA:687,0
DA:691,0
DA:692,0
DA:693,0
DA:698,0
DA:699,0
DA:705,0
DA:709,0
DA:710,0
DA:711,0
DA:716,0
DA:717,0
DA:721,0
DA:725,0
DA:729,0
DA:730,0
DA:731,0
DA:732,0
DA:733,0
DA:738,0
DA:739,0
DA:740,0
DA:743,0
DA:744,0
DA:746,0
DA:747,0
DA:751,0
DA:752,0
DA:753,0
DA:754,0
DA:756,0
DA:757,0
DA:759,0
DA:763,0
DA:764,0
DA:765,0
DA:767,0
DA:770,0
DA:772,0
DA:777,0
DA:778,0
DA:779,0
DA:780,0
DA:785,0
DA:786,0
DA:789,0
DA:791,0
DA:793,0
DA:794,0
LF:318
LH:1
end_of_record
